<?xml version="1.0" encoding="UTF-8"?>
<testsuite name="com.group.libraryapp.calculator.CalculatorTest" tests="5" skipped="0" failures="0" errors="0" timestamp="2022-10-16T13:31:10" hostname="MacBook-Pro-2.local" time="0.026">
  <properties/>
  <testcase name="divideTest()" classname="com.group.libraryapp.calculator.CalculatorTest" time="0.021"/>
  <testcase name="addTest()" classname="com.group.libraryapp.calculator.CalculatorTest" time="0.0"/>
  <testcase name="multiplyTest()" classname="com.group.libraryapp.calculator.CalculatorTest" time="0.0"/>
  <testcase name="divideExceptionTest()" classname="com.group.libraryapp.calculator.CalculatorTest" time="0.004"/>
  <testcase name="minusTest()" classname="com.group.libraryapp.calculator.CalculatorTest" time="0.0"/>
  <system-out><![CDATA[]]></system-out>
  <system-err><![CDATA[]]></system-err>
</testsuite>
