<?xml version="1.0" encoding="UTF-8"?>
<testsuite name="com.group.libraryapp.calculator.JunitTest" tests="2" skipped="0" failures="0" errors="0" timestamp="2022-10-16T14:08:25" hostname="MacBook-Pro-2.local" time="0.006">
  <properties/>
  <testcase name="test1()" classname="com.group.libraryapp.calculator.JunitTest" time="0.004"/>
  <testcase name="test2()" classname="com.group.libraryapp.calculator.JunitTest" time="0.001"/>
  <system-out><![CDATA[모든 테스트 시작 전
각 테스트 시작 전
테스트 1
각 테스트 실행 후
각 테스트 시작 전
테스트 2
각 테스트 실행 후
모든 테스트 실행 후
]]></system-out>
  <system-err><![CDATA[]]></system-err>
</testsuite>
