<?xml version="1.0" encoding="UTF-8" standalone="yes"?>
<response>
    <header>
        <resultCode>00</resultCode>
        <resultMsg>NORMAL SERVICE.</resultMsg>
    </header>
    <body>
        <items>
            <item><거래금액>   107,500
            </거래금액><건축년도>1994
            </건축년도><년>2021
            </년><법정동> 분당동
            </법정동><아파트>장안타운(건영)
            </아파트><월>7
            </월><일>1
            </일><전용면적>85
            </전용면적><지번>66
            </지번><지역코드>41135
            </지역코드><층>9
            </층><해제사유발생일>
            </해제사유발생일><해제여부>
            </해제여부>
            </item>
            <item>
                <거래금액> 71,500</거래금액>
                <건축년도>1993</건축년도>
                <년>2021</년>
                <법정동> 수내동</법정동>
                <아파트>양지마을(5단지)(한양501-514)</아파트>
                <월>7</월>
                <일>28</일>
                <전용면적>35.1</전용면적>
                <지번>24</지번>
                <지역코드>41135</지역코드>
                <층>8</층>
                <해제사유발생일> </해제사유발생일>
                <해제여부> </해제여부>
            </item>
            <item>
                <거래금액> 185,000</거래금액>
                <건축년도>1993</건축년도>
                <년>2021</년>
                <법정동> 수내동</법정동>
                <아파트>푸른마을(벽산)</아파트>
                <월>7</월>
                <일>29</일>
                <전용면적>176.77</전용면적>
                <지번>71</지번>
                <지역코드>41135</지역코드>
                <층>15</층>
                <해제사유발생일> </해제사유발생일>
                <해제여부> </해제여부>
            </item>
        </items>
        <numOfRows>10</numOfRows>
        <pageNo>1</pageNo>
        <totalCount>1</totalCount>
    </body>
</response>