<?xml version="1.0" encoding="UTF-8"?>
<testsuite name="com.ys.test.ArchitectureTest" tests="1" skipped="0" failures="0" errors="0" timestamp="2023-10-08T09:59:54" hostname="MacBook-Pro-4.local" time="0.465">
  <properties/>
  <testcase name="model은 아무것도 의존하지 않음" classname="com.ys.test.ArchitectureTest" time="0.465"/>
  <system-out><![CDATA[18:59:53.338 [Test worker] INFO com.tngtech.archunit.core.PluginLoader -- Detected Java version 17.0.5
]]></system-out>
  <system-err><![CDATA[]]></system-err>
</testsuite>
