<?xml version="1.0" encoding="UTF-8"?>
<testsuite name="com.ys.atotal.JooqJoinShortCutTest" tests="2" skipped="0" failures="0" errors="0" timestamp="2024-06-02T11:08:50" hostname="MacBook-Pro-4.local" time="1.142">
  <properties/>
  <testcase name="implicitPathJoin_테스트" classname="com.ys.atotal.JooqJoinShortCutTest" time="1.09"/>
  <testcase name="explicitPathJoin_테스트" classname="com.ys.atotal.JooqJoinShortCutTest" time="0.051"/>
  <system-out><![CDATA[20:08:49.849 [Test worker] INFO org.springframework.test.context.support.AnnotationConfigContextLoaderUtils -- Could not detect default configuration classes for test class [com.ys.atotal.JooqJoinShortCutTest]: JooqJoinShortCutTest does not declare any static, non-private, non-final, nested classes annotated with @Configuration.
20:08:49.903 [Test worker] INFO org.springframework.boot.test.context.SpringBootTestContextBootstrapper -- Found @SpringBootConfiguration com.ys.atotal.ATotalApplication for test class com.ys.atotal.JooqJoinShortCutTest
  .   ____          _            __ _ _
 /\\ / ___'_ __ _ _(_)_ __  __ _ \ \ \ \
( ( )\___ | '_ | '_| | '_ \/ _` | \ \ \ \
 \\/  ___)| |_)| | | | | || (_| |  ) ) ) )
  '  |____| .__|_| |_|_| |_\__, | / / / /
 =========|_|==============|___/=/_/_/_/

 :: Spring Boot ::                (v3.3.0)

2024-06-02T20:08:50.108+09:00  INFO 93960 --- [a-total] [    Test worker] com.ys.atotal.JooqJoinShortCutTest       : Starting JooqJoinShortCutTest using Java 20.0.2.1 with PID 93960 (started by ysk in /Users/ysk/study/study_repo/inf-jooq/a-total)
2024-06-02T20:08:50.109+09:00  INFO 93960 --- [a-total] [    Test worker] com.ys.atotal.JooqJoinShortCutTest       : No active profile set, falling back to 1 default profile: "default"
2024-06-02T20:08:50.835+09:00  INFO 93960 --- [a-total] [    Test worker] org.jooq.Constants                       : 
                                      
@@@@@@@@@@@@@@@@@@@@@@@@@@@@@@@@@@@@@@
@@@@@@@@@@@@@@@@@@@@@@@@@@@@@@@@@@@@@@
@@@@@@@@@@@@@@@@  @@        @@@@@@@@@@
@@@@@@@@@@@@@@@@@@@@        @@@@@@@@@@
@@@@@@@@@@@@@@@@  @@  @@    @@@@@@@@@@
@@@@@@@@@@  @@@@  @@  @@    @@@@@@@@@@
@@@@@@@@@@        @@        @@@@@@@@@@
@@@@@@@@@@@@@@@@@@@@@@@@@@@@@@@@@@@@@@
@@@@@@@@@@@@@@@@@@@@@@@@@@@@@@@@@@@@@@
@@@@@@@@@@        @@        @@@@@@@@@@
@@@@@@@@@@    @@  @@  @@@@  @@@@@@@@@@
@@@@@@@@@@    @@  @@  @@@@  @@@@@@@@@@
@@@@@@@@@@        @@  @  @  @@@@@@@@@@
@@@@@@@@@@        @@        @@@@@@@@@@
@@@@@@@@@@@@@@@@@@@@@@@  @@@@@@@@@@@@@
@@@@@@@@@@@@@@@@@@@@@@@@@@@@@@@@@@@@@@
@@@@@@@@@@@@@@@@@@@@@@@@@@@@@@@@@@@@@@  Thank you for using jOOQ 3.19.5 (Build date: 2024-02-27T08:40:16Z)
                                      
2024-06-02T20:08:50.836+09:00  INFO 93960 --- [a-total] [    Test worker] org.jooq.Constants                       : 

jOOQ tip of the day: You can generate jOOQ code in a single package with package private visibility if this helps. Here's how: https://blog.jooq.org/how-to-generate-package-private-code-with-jooqs-code-generator/

2024-06-02T20:08:50.969+09:00  INFO 93960 --- [a-total] [    Test worker] com.ys.atotal.JooqJoinShortCutTest       : Started JooqJoinShortCutTest in 0.981 seconds (process running for 1.575)
2024-06-02T20:08:51.668+09:00 DEBUG 93960 --- [a-total] [    Test worker] org.jooq.tools.LoggerListener            : Executing query          : select `film`.`film_id` as `nested.film_id`, `film`.`title` as `nested.title`, `film`.`description` as `nested.description`, `film`.`release_year` as `nested.release_year`, `film`.`language_id` as `nested.language_id`, `film`.`original_language_id` as `nested.original_language_id`, `film`.`rental_duration` as `nested.rental_duration`, `film`.`rental_rate` as `nested.rental_rate`, `film`.`length` as `nested.length`, `film`.`replacement_cost` as `nested.replacement_cost`, `film`.`rating` as `nested.rating`, `film`.`special_features` as `nested.special_features`, `film`.`last_update` as `nested.last_update`, `film_actor`.`actor_id` as `nested.actor_id`, `film_actor`.`film_id` as `nested.film_id`, `film_actor`.`last_update` as `nested.last_update`, `actor`.`actor_id` as `nested.actor_id`, `actor`.`first_name` as `nested.first_name`, `actor`.`last_name` as `nested.last_name`, `actor`.`last_update` as `nested.last_update` from `film` join `film_actor` on `film`.`film_id` = `film_actor`.`film_id` join `actor` on `film_actor`.`actor_id` = `actor`.`actor_id` limit ? offset ?
2024-06-02T20:08:51.669+09:00 DEBUG 93960 --- [a-total] [    Test worker] org.jooq.tools.LoggerListener            : -> with bind values      : select `film`.`film_id` as `nested.film_id`, `film`.`title` as `nested.title`, `film`.`description` as `nested.description`, `film`.`release_year` as `nested.release_year`, `film`.`language_id` as `nested.language_id`, `film`.`original_language_id` as `nested.original_language_id`, `film`.`rental_duration` as `nested.rental_duration`, `film`.`rental_rate` as `nested.rental_rate`, `film`.`length` as `nested.length`, `film`.`replacement_cost` as `nested.replacement_cost`, `film`.`rating` as `nested.rating`, `film`.`special_features` as `nested.special_features`, `film`.`last_update` as `nested.last_update`, `film_actor`.`actor_id` as `nested.actor_id`, `film_actor`.`film_id` as `nested.film_id`, `film_actor`.`last_update` as `nested.last_update`, `actor`.`actor_id` as `nested.actor_id`, `actor`.`first_name` as `nested.first_name`, `actor`.`last_name` as `nested.last_name`, `actor`.`last_update` as `nested.last_update` from `film` join `film_actor` on `film`.`film_id` = `film_actor`.`film_id` join `actor` on `film_actor`.`actor_id` = `actor`.`actor_id` limit 10 offset 0
2024-06-02T20:08:51.674+09:00  INFO 93960 --- [a-total] [    Test worker] com.zaxxer.hikari.HikariDataSource       : HikariPool-1 - Starting...
2024-06-02T20:08:51.888+09:00  INFO 93960 --- [a-total] [    Test worker] com.zaxxer.hikari.pool.HikariPool        : HikariPool-1 - Added connection com.mysql.cj.jdbc.ConnectionImpl@29699283
2024-06-02T20:08:51.890+09:00  INFO 93960 --- [a-total] [    Test worker] com.zaxxer.hikari.HikariDataSource       : HikariPool-1 - Start completed.
2024-06-02T20:08:51.893+09:00  INFO 93960 --- [a-total] [    Test worker] o.j.i.D.logVersionSupport                : Version                  : Database version is supported by dialect MYSQL: 8.3.0
2024-06-02T20:08:51.950+09:00 DEBUG 93960 --- [a-total] [    Test worker] org.jooq.tools.LoggerListener            : Fetched result           : +--------------------------------------------------+-----------------------------+-------------------------------------------+
2024-06-02T20:08:51.950+09:00 DEBUG 93960 --- [a-total] [    Test worker] org.jooq.tools.LoggerListener            :                          : |nested                                            |nested                       |nested                                     |
2024-06-02T20:08:51.950+09:00 DEBUG 93960 --- [a-total] [    Test worker] org.jooq.tools.LoggerListener            :                          : +--------------------------------------------------+-----------------------------+-------------------------------------------+
2024-06-02T20:08:51.951+09:00 DEBUG 93960 --- [a-total] [    Test worker] org.jooq.tools.LoggerListener            :                          : |(1, ACADEMY DINOSAUR, A Epic Drama of a Feminis...|(1, 1, 2006-02-15T05:05:03)  |(1, PENELOPE, GUINESS, 2006-02-15T04:34:33)|
2024-06-02T20:08:51.951+09:00 DEBUG 93960 --- [a-total] [    Test worker] org.jooq.tools.LoggerListener            :                          : |(23, ANACONDA CONFESSIONS, A Lacklusture Displa...|(1, 23, 2006-02-15T05:05:03) |(1, PENELOPE, GUINESS, 2006-02-15T04:34:33)|
2024-06-02T20:08:51.951+09:00 DEBUG 93960 --- [a-total] [    Test worker] org.jooq.tools.LoggerListener            :                          : |(25, ANGELS LIFE, A Thoughtful Display of a Wom...|(1, 25, 2006-02-15T05:05:03) |(1, PENELOPE, GUINESS, 2006-02-15T04:34:33)|
2024-06-02T20:08:51.951+09:00 DEBUG 93960 --- [a-total] [    Test worker] org.jooq.tools.LoggerListener            :                          : |(106, BULWORTH COMMANDMENTS, A Amazing Display ...|(1, 106, 2006-02-15T05:05:03)|(1, PENELOPE, GUINESS, 2006-02-15T04:34:33)|
2024-06-02T20:08:51.951+09:00 DEBUG 93960 --- [a-total] [    Test worker] org.jooq.tools.LoggerListener            :                          : |(140, CHEAPER CLYDE, A Emotional Character Stud...|(1, 140, 2006-02-15T05:05:03)|(1, PENELOPE, GUINESS, 2006-02-15T04:34:33)|
2024-06-02T20:08:51.951+09:00 DEBUG 93960 --- [a-total] [    Test worker] org.jooq.tools.LoggerListener            :                          : +--------------------------------------------------+-----------------------------+-------------------------------------------+
2024-06-02T20:08:51.952+09:00 DEBUG 93960 --- [a-total] [    Test worker] org.jooq.tools.LoggerListener            : Fetched row(s)           : 5 (or more)
2024-06-02T20:08:51.960+09:00 DEBUG 93960 --- [a-total] [    Test worker] org.jooq.tools.LoggerListener            : Executing query          : select `film`.`film_id` as `nested.film_id`, `film`.`title` as `nested.title`, `film`.`description` as `nested.description`, `film`.`release_year` as `nested.release_year`, `film`.`language_id` as `nested.language_id`, `film`.`original_language_id` as `nested.original_language_id`, `film`.`rental_duration` as `nested.rental_duration`, `film`.`rental_rate` as `nested.rental_rate`, `film`.`length` as `nested.length`, `film`.`replacement_cost` as `nested.replacement_cost`, `film`.`rating` as `nested.rating`, `film`.`special_features` as `nested.special_features`, `film`.`last_update` as `nested.last_update`, `film_actor`.`actor_id` as `nested.actor_id`, `film_actor`.`film_id` as `nested.film_id`, `film_actor`.`last_update` as `nested.last_update`, `alias_92235250`.`actor_id` as `nested.actor_id`, `alias_92235250`.`first_name` as `nested.first_name`, `alias_92235250`.`last_name` as `nested.last_name`, `alias_92235250`.`last_update` as `nested.last_update` from `film` join (`film_actor` join `actor` as `alias_92235250` on `film_actor`.`actor_id` = `alias_92235250`.`actor_id`) on `film`.`film_id` = `film_actor`.`film_id` limit ? offset ?
2024-06-02T20:08:51.961+09:00 DEBUG 93960 --- [a-total] [    Test worker] org.jooq.tools.LoggerListener            : -> with bind values      : select `film`.`film_id` as `nested.film_id`, `film`.`title` as `nested.title`, `film`.`description` as `nested.description`, `film`.`release_year` as `nested.release_year`, `film`.`language_id` as `nested.language_id`, `film`.`original_language_id` as `nested.original_language_id`, `film`.`rental_duration` as `nested.rental_duration`, `film`.`rental_rate` as `nested.rental_rate`, `film`.`length` as `nested.length`, `film`.`replacement_cost` as `nested.replacement_cost`, `film`.`rating` as `nested.rating`, `film`.`special_features` as `nested.special_features`, `film`.`last_update` as `nested.last_update`, `film_actor`.`actor_id` as `nested.actor_id`, `film_actor`.`film_id` as `nested.film_id`, `film_actor`.`last_update` as `nested.last_update`, `alias_92235250`.`actor_id` as `nested.actor_id`, `alias_92235250`.`first_name` as `nested.first_name`, `alias_92235250`.`last_name` as `nested.last_name`, `alias_92235250`.`last_update` as `nested.last_update` from `film` join (`film_actor` join `actor` as `alias_92235250` on `film_actor`.`actor_id` = `alias_92235250`.`actor_id`) on `film`.`film_id` = `film_actor`.`film_id` limit 10 offset 0
2024-06-02T20:08:51.978+09:00 DEBUG 93960 --- [a-total] [    Test worker] org.jooq.tools.LoggerListener            : Fetched result           : +--------------------------------------------------+-----------------------------+-------------------------------------------+
2024-06-02T20:08:51.979+09:00 DEBUG 93960 --- [a-total] [    Test worker] org.jooq.tools.LoggerListener            :                          : |nested                                            |nested                       |nested                                     |
2024-06-02T20:08:51.979+09:00 DEBUG 93960 --- [a-total] [    Test worker] org.jooq.tools.LoggerListener            :                          : +--------------------------------------------------+-----------------------------+-------------------------------------------+
2024-06-02T20:08:51.979+09:00 DEBUG 93960 --- [a-total] [    Test worker] org.jooq.tools.LoggerListener            :                          : |(1, ACADEMY DINOSAUR, A Epic Drama of a Feminis...|(1, 1, 2006-02-15T05:05:03)  |(1, PENELOPE, GUINESS, 2006-02-15T04:34:33)|
2024-06-02T20:08:51.979+09:00 DEBUG 93960 --- [a-total] [    Test worker] org.jooq.tools.LoggerListener            :                          : |(23, ANACONDA CONFESSIONS, A Lacklusture Displa...|(1, 23, 2006-02-15T05:05:03) |(1, PENELOPE, GUINESS, 2006-02-15T04:34:33)|
2024-06-02T20:08:51.979+09:00 DEBUG 93960 --- [a-total] [    Test worker] org.jooq.tools.LoggerListener            :                          : |(25, ANGELS LIFE, A Thoughtful Display of a Wom...|(1, 25, 2006-02-15T05:05:03) |(1, PENELOPE, GUINESS, 2006-02-15T04:34:33)|
2024-06-02T20:08:51.979+09:00 DEBUG 93960 --- [a-total] [    Test worker] org.jooq.tools.LoggerListener            :                          : |(106, BULWORTH COMMANDMENTS, A Amazing Display ...|(1, 106, 2006-02-15T05:05:03)|(1, PENELOPE, GUINESS, 2006-02-15T04:34:33)|
2024-06-02T20:08:51.979+09:00 DEBUG 93960 --- [a-total] [    Test worker] org.jooq.tools.LoggerListener            :                          : |(140, CHEAPER CLYDE, A Emotional Character Stud...|(1, 140, 2006-02-15T05:05:03)|(1, PENELOPE, GUINESS, 2006-02-15T04:34:33)|
2024-06-02T20:08:51.979+09:00 DEBUG 93960 --- [a-total] [    Test worker] org.jooq.tools.LoggerListener            :                          : +--------------------------------------------------+-----------------------------+-------------------------------------------+
2024-06-02T20:08:51.979+09:00 DEBUG 93960 --- [a-total] [    Test worker] org.jooq.tools.LoggerListener            : Fetched row(s)           : 5 (or more)
2024-06-02T20:08:52.069+09:00 DEBUG 93960 --- [a-total] [    Test worker] org.jooq.tools.LoggerListener            : Executing query          : select `film`.`film_id` as `nested.film_id`, `film`.`title` as `nested.title`, `film`.`description` as `nested.description`, `film`.`release_year` as `nested.release_year`, `film`.`language_id` as `nested.language_id`, `film`.`original_language_id` as `nested.original_language_id`, `film`.`rental_duration` as `nested.rental_duration`, `film`.`rental_rate` as `nested.rental_rate`, `film`.`length` as `nested.length`, `film`.`replacement_cost` as `nested.replacement_cost`, `film`.`rating` as `nested.rating`, `film`.`special_features` as `nested.special_features`, `film`.`last_update` as `nested.last_update`, `film_actor`.`actor_id` as `nested.actor_id`, `film_actor`.`film_id` as `nested.film_id`, `film_actor`.`last_update` as `nested.last_update`, `actor`.`actor_id` as `nested.actor_id`, `actor`.`first_name` as `nested.first_name`, `actor`.`last_name` as `nested.last_name`, `actor`.`last_update` as `nested.last_update` from `film` join `film_actor` on `film`.`film_id` = `film_actor`.`film_id` join `actor` on `film_actor`.`actor_id` = `actor`.`actor_id` limit ? offset ?
2024-06-02T20:08:52.070+09:00 DEBUG 93960 --- [a-total] [    Test worker] org.jooq.tools.LoggerListener            : -> with bind values      : select `film`.`film_id` as `nested.film_id`, `film`.`title` as `nested.title`, `film`.`description` as `nested.description`, `film`.`release_year` as `nested.release_year`, `film`.`language_id` as `nested.language_id`, `film`.`original_language_id` as `nested.original_language_id`, `film`.`rental_duration` as `nested.rental_duration`, `film`.`rental_rate` as `nested.rental_rate`, `film`.`length` as `nested.length`, `film`.`replacement_cost` as `nested.replacement_cost`, `film`.`rating` as `nested.rating`, `film`.`special_features` as `nested.special_features`, `film`.`last_update` as `nested.last_update`, `film_actor`.`actor_id` as `nested.actor_id`, `film_actor`.`film_id` as `nested.film_id`, `film_actor`.`last_update` as `nested.last_update`, `actor`.`actor_id` as `nested.actor_id`, `actor`.`first_name` as `nested.first_name`, `actor`.`last_name` as `nested.last_name`, `actor`.`last_update` as `nested.last_update` from `film` join `film_actor` on `film`.`film_id` = `film_actor`.`film_id` join `actor` on `film_actor`.`actor_id` = `actor`.`actor_id` limit 10 offset 0
2024-06-02T20:08:52.088+09:00 DEBUG 93960 --- [a-total] [    Test worker] org.jooq.tools.LoggerListener            : Fetched result           : +--------------------------------------------------+-----------------------------+-------------------------------------------+
2024-06-02T20:08:52.088+09:00 DEBUG 93960 --- [a-total] [    Test worker] org.jooq.tools.LoggerListener            :                          : |nested                                            |nested                       |nested                                     |
2024-06-02T20:08:52.088+09:00 DEBUG 93960 --- [a-total] [    Test worker] org.jooq.tools.LoggerListener            :                          : +--------------------------------------------------+-----------------------------+-------------------------------------------+
2024-06-02T20:08:52.088+09:00 DEBUG 93960 --- [a-total] [    Test worker] org.jooq.tools.LoggerListener            :                          : |(1, ACADEMY DINOSAUR, A Epic Drama of a Feminis...|(1, 1, 2006-02-15T05:05:03)  |(1, PENELOPE, GUINESS, 2006-02-15T04:34:33)|
2024-06-02T20:08:52.088+09:00 DEBUG 93960 --- [a-total] [    Test worker] org.jooq.tools.LoggerListener            :                          : |(23, ANACONDA CONFESSIONS, A Lacklusture Displa...|(1, 23, 2006-02-15T05:05:03) |(1, PENELOPE, GUINESS, 2006-02-15T04:34:33)|
2024-06-02T20:08:52.088+09:00 DEBUG 93960 --- [a-total] [    Test worker] org.jooq.tools.LoggerListener            :                          : |(25, ANGELS LIFE, A Thoughtful Display of a Wom...|(1, 25, 2006-02-15T05:05:03) |(1, PENELOPE, GUINESS, 2006-02-15T04:34:33)|
2024-06-02T20:08:52.088+09:00 DEBUG 93960 --- [a-total] [    Test worker] org.jooq.tools.LoggerListener            :                          : |(106, BULWORTH COMMANDMENTS, A Amazing Display ...|(1, 106, 2006-02-15T05:05:03)|(1, PENELOPE, GUINESS, 2006-02-15T04:34:33)|
2024-06-02T20:08:52.089+09:00 DEBUG 93960 --- [a-total] [    Test worker] org.jooq.tools.LoggerListener            :                          : |(140, CHEAPER CLYDE, A Emotional Character Stud...|(1, 140, 2006-02-15T05:05:03)|(1, PENELOPE, GUINESS, 2006-02-15T04:34:33)|
2024-06-02T20:08:52.089+09:00 DEBUG 93960 --- [a-total] [    Test worker] org.jooq.tools.LoggerListener            :                          : +--------------------------------------------------+-----------------------------+-------------------------------------------+
2024-06-02T20:08:52.089+09:00 DEBUG 93960 --- [a-total] [    Test worker] org.jooq.tools.LoggerListener            : Fetched row(s)           : 5 (or more)
2024-06-02T20:08:52.093+09:00 DEBUG 93960 --- [a-total] [    Test worker] org.jooq.tools.LoggerListener            : Executing query          : select `film`.`film_id` as `nested.film_id`, `film`.`title` as `nested.title`, `film`.`description` as `nested.description`, `film`.`release_year` as `nested.release_year`, `film`.`language_id` as `nested.language_id`, `film`.`original_language_id` as `nested.original_language_id`, `film`.`rental_duration` as `nested.rental_duration`, `film`.`rental_rate` as `nested.rental_rate`, `film`.`length` as `nested.length`, `film`.`replacement_cost` as `nested.replacement_cost`, `film`.`rating` as `nested.rating`, `film`.`special_features` as `nested.special_features`, `film`.`last_update` as `nested.last_update`, `alias_128952411`.`actor_id` as `nested.actor_id`, `alias_128952411`.`film_id` as `nested.film_id`, `alias_128952411`.`last_update` as `nested.last_update`, `alias_4198651`.`actor_id` as `nested.actor_id`, `alias_4198651`.`first_name` as `nested.first_name`, `alias_4198651`.`last_name` as `nested.last_name`, `alias_4198651`.`last_update` as `nested.last_update` from `film` join `film_actor` as `alias_128952411` on `alias_128952411`.`film_id` = `film`.`film_id` join `actor` as `alias_4198651` on `alias_128952411`.`actor_id` = `alias_4198651`.`actor_id` limit ? offset ?
2024-06-02T20:08:52.094+09:00 DEBUG 93960 --- [a-total] [    Test worker] org.jooq.tools.LoggerListener            : -> with bind values      : select `film`.`film_id` as `nested.film_id`, `film`.`title` as `nested.title`, `film`.`description` as `nested.description`, `film`.`release_year` as `nested.release_year`, `film`.`language_id` as `nested.language_id`, `film`.`original_language_id` as `nested.original_language_id`, `film`.`rental_duration` as `nested.rental_duration`, `film`.`rental_rate` as `nested.rental_rate`, `film`.`length` as `nested.length`, `film`.`replacement_cost` as `nested.replacement_cost`, `film`.`rating` as `nested.rating`, `film`.`special_features` as `nested.special_features`, `film`.`last_update` as `nested.last_update`, `alias_128952411`.`actor_id` as `nested.actor_id`, `alias_128952411`.`film_id` as `nested.film_id`, `alias_128952411`.`last_update` as `nested.last_update`, `alias_4198651`.`actor_id` as `nested.actor_id`, `alias_4198651`.`first_name` as `nested.first_name`, `alias_4198651`.`last_name` as `nested.last_name`, `alias_4198651`.`last_update` as `nested.last_update` from `film` join `film_actor` as `alias_128952411` on `alias_128952411`.`film_id` = `film`.`film_id` join `actor` as `alias_4198651` on `alias_128952411`.`actor_id` = `alias_4198651`.`actor_id` limit 10 offset 0
2024-06-02T20:08:52.110+09:00 DEBUG 93960 --- [a-total] [    Test worker] org.jooq.tools.LoggerListener            : Fetched result           : +--------------------------------------------------+-----------------------------+-------------------------------------------+
2024-06-02T20:08:52.110+09:00 DEBUG 93960 --- [a-total] [    Test worker] org.jooq.tools.LoggerListener            :                          : |nested                                            |nested                       |nested                                     |
2024-06-02T20:08:52.110+09:00 DEBUG 93960 --- [a-total] [    Test worker] org.jooq.tools.LoggerListener            :                          : +--------------------------------------------------+-----------------------------+-------------------------------------------+
2024-06-02T20:08:52.110+09:00 DEBUG 93960 --- [a-total] [    Test worker] org.jooq.tools.LoggerListener            :                          : |(1, ACADEMY DINOSAUR, A Epic Drama of a Feminis...|(1, 1, 2006-02-15T05:05:03)  |(1, PENELOPE, GUINESS, 2006-02-15T04:34:33)|
2024-06-02T20:08:52.110+09:00 DEBUG 93960 --- [a-total] [    Test worker] org.jooq.tools.LoggerListener            :                          : |(23, ANACONDA CONFESSIONS, A Lacklusture Displa...|(1, 23, 2006-02-15T05:05:03) |(1, PENELOPE, GUINESS, 2006-02-15T04:34:33)|
2024-06-02T20:08:52.110+09:00 DEBUG 93960 --- [a-total] [    Test worker] org.jooq.tools.LoggerListener            :                          : |(25, ANGELS LIFE, A Thoughtful Display of a Wom...|(1, 25, 2006-02-15T05:05:03) |(1, PENELOPE, GUINESS, 2006-02-15T04:34:33)|
2024-06-02T20:08:52.110+09:00 DEBUG 93960 --- [a-total] [    Test worker] org.jooq.tools.LoggerListener            :                          : |(106, BULWORTH COMMANDMENTS, A Amazing Display ...|(1, 106, 2006-02-15T05:05:03)|(1, PENELOPE, GUINESS, 2006-02-15T04:34:33)|
2024-06-02T20:08:52.110+09:00 DEBUG 93960 --- [a-total] [    Test worker] org.jooq.tools.LoggerListener            :                          : |(140, CHEAPER CLYDE, A Emotional Character Stud...|(1, 140, 2006-02-15T05:05:03)|(1, PENELOPE, GUINESS, 2006-02-15T04:34:33)|
2024-06-02T20:08:52.110+09:00 DEBUG 93960 --- [a-total] [    Test worker] org.jooq.tools.LoggerListener            :                          : +--------------------------------------------------+-----------------------------+-------------------------------------------+
2024-06-02T20:08:52.110+09:00 DEBUG 93960 --- [a-total] [    Test worker] org.jooq.tools.LoggerListener            : Fetched row(s)           : 5 (or more)
]]></system-out>
  <system-err><![CDATA[]]></system-err>
</testsuite>
